GCCcore/8.3.0
zlib/1.2.11-GCCcore-8.3.0
binutils/2.32-GCCcore-8.3.0
bzip2/1.0.8-GCCcore-8.3.0
ncurses/6.1-GCCcore-8.3.0
libreadline/8.0-GCCcore-8.3.0
Tcl/8.6.9-GCCcore-8.3.0
SQLite/3.29.0-GCCcore-8.3.0
XZ/5.2.4-GCCcore-8.3.0
GMP/6.1.2-GCCcore-8.3.0
libffi/3.2.1-GCCcore-8.3.0
Python/3.7.4-GCCcore-8.3.0
Java/11.0.2
pigz/2.4-GCCcore-8.3.0
expat/2.2.7-GCCcore-8.3.0
Perl/5.30.0-GCCcore-8.3.0
Java/11.0.2
FastQC/0.11.9-Java-11
cutadapt/2.7-GCCcore-8.3.0-Python-3.7.4
Trim_Galore/0.6.5-GCCcore-8.3.0-Java-11-Python-3.7.4
mkdir: cannot create directory ‘/rds/projects/v/vianaj-genomics-brain-development/MATRICS/BLB/ACC/trim_galore_output’: File exists
